Copyright 1986-2022 Xilinx, Inc. All Rights Reserved. Copyright 2022-2024 Advanced Micro Devices, Inc. All Rights Reserved.
---------------------------------------------------------------------------------------------------------------------------------------------
| Tool Version : Vivado v.2024.2 (win64) Build 5239630 Fri Nov 08 22:35:27 MST 2024
| Date         : Wed Dec  3 11:14:48 2025
| Host         : 25STC151L17 running 64-bit major release  (build 9200)
| Command      : report_control_sets -verbose -file TOP_1080P_VGA_control_sets_placed.rpt
| Design       : TOP_1080P_VGA
| Device       : xc7a35t
---------------------------------------------------------------------------------------------------------------------------------------------

Control Set Information

Table of Contents
-----------------
1. Summary
2. Histogram
3. Flip-Flop Distribution
4. Detailed Control Set Information

1. Summary
----------

+----------------------------------------------------------+-------+
|                          Status                          | Count |
+----------------------------------------------------------+-------+
| Total control sets                                       |     5 |
|    Minimum number of control sets                        |     5 |
|    Addition due to synthesis replication                 |     0 |
|    Addition due to physical synthesis replication        |     0 |
| Unused register locations in slices containing registers |    18 |
+----------------------------------------------------------+-------+
* Control sets can be merged at opt_design using control_set_merge or merge_equivalent_drivers
** Run report_qor_suggestions for automated merging and remapping suggestions


2. Histogram
------------

+--------------------+-------+
|       Fanout       | Count |
+--------------------+-------+
| Total control sets |     5 |
| >= 0 to < 4        |     0 |
| >= 4 to < 6        |     0 |
| >= 6 to < 8        |     0 |
| >= 8 to < 10       |     0 |
| >= 10 to < 12      |     0 |
| >= 12 to < 14      |     4 |
| >= 14 to < 16      |     1 |
| >= 16              |     0 |
+--------------------+-------+
* Control sets can be remapped at either synth_design or opt_design


3. Flip-Flop Distribution
-------------------------

+--------------+-----------------------+------------------------+-----------------+--------------+
| Clock Enable | Synchronous Set/Reset | Asynchronous Set/Reset | Total Registers | Total Slices |
+--------------+-----------------------+------------------------+-----------------+--------------+
| No           | No                    | No                     |              14 |            7 |
| No           | No                    | Yes                    |               0 |            0 |
| No           | Yes                   | No                     |              12 |            3 |
| Yes          | No                    | No                     |               0 |            0 |
| Yes          | No                    | Yes                    |               0 |            0 |
| Yes          | Yes                   | No                     |              36 |            9 |
+--------------+-----------------------+------------------------+-----------------+--------------+


4. Detailed Control Set Information
-----------------------------------

+--------------------------+----------------------+--------------------------------+------------------+----------------+--------------+
|       Clock Signal       |     Enable Signal    |        Set/Reset Signal        | Slice Load Count | Bel Load Count | Bels / Slice |
+--------------------------+----------------------+--------------------------------+------------------+----------------+--------------+
|  CLOCK_GEN/inst/clk_out1 |                      | VGA_CONTROLLER/x[0]_i_1_n_0    |                3 |             12 |         4.00 |
|  CLOCK_GEN/inst/clk_out1 | VGA_CONTROLLER/sq_x0 | VGA_CONTROLLER/sq_x[0]_i_1_n_0 |                3 |             12 |         4.00 |
|  CLOCK_GEN/inst/clk_out1 | VGA_CONTROLLER/sq_x0 | VGA_CONTROLLER/sq_y[0]_i_1_n_0 |                3 |             12 |         4.00 |
|  CLOCK_GEN/inst/clk_out1 | VGA_CONTROLLER/y     | btnC_IBUF                      |                3 |             12 |         4.00 |
|  CLOCK_GEN/inst/clk_out1 |                      |                                |                7 |             14 |         2.00 |
+--------------------------+----------------------+--------------------------------+------------------+----------------+--------------+


