#-----------------------------------------------------------
# Vivado v2024.2 (64-bit)
# SW Build 5239630 on Fri Nov 08 22:35:27 MST 2024
# IP Build 5239520 on Sun Nov 10 16:12:51 MST 2024
# SharedData Build 5239561 on Fri Nov 08 14:39:27 MST 2024
# Start of session at: Wed Nov 12 10:32:02 2025
# Process ID         : 9160
# Current directory  : C:/Users/slricks340/Desktop/ECEN 340 Seth Ricks Ian Fleming/ECEN-340/General/Lab Docs/Lab7/traffic_controller
# Command line       : vivado.exe -gui_launcher_event rodinguilauncherevent26228 C:\Users\slricks340\Desktop\ECEN 340 Seth Ricks Ian Fleming\ECEN-340\General\Lab Docs\Lab7\traffic_controller\traffic_controller.xpr
# Log file           : C:/Users/slricks340/Desktop/ECEN 340 Seth Ricks Ian Fleming/ECEN-340/General/Lab Docs/Lab7/traffic_controller/vivado.log
# Journal file       : C:/Users/slricks340/Desktop/ECEN 340 Seth Ricks Ian Fleming/ECEN-340/General/Lab Docs/Lab7/traffic_controller\vivado.jou
# Running On         : 25STC151L19
# Platform           : Windows Server 2016 or Windows 10
# Operating System   : 26100
# Processor Detail   : Intel(R) Core(TM) Ultra 7 265
# CPU Frequency      : 2381 MHz
# CPU Physical cores : 20
# CPU Logical cores  : 20
# Host memory        : 33775 MB
# Swap memory        : 3145 MB
# Total Virtual      : 36921 MB
# Available Virtual  : 22563 MB
#-----------------------------------------------------------
start_gui
open_project {C:/Users/slricks340/Desktop/ECEN 340 Seth Ricks Ian Fleming/ECEN-340/General/Lab Docs/Lab7/traffic_controller/traffic_controller.xpr}
INFO: [ProjectBase 1-489] The host OS only allows 260 characters in a normal path. The project is stored in a path with more than 80 characters. If you experience issues with IP, Block Designs, or files not being found, please consider moving the project to a location with a shorter path. Alternately consider using the OS subst command to map part of the path to a drive letter.
Current project path is 'C:/Users/slricks340/Desktop/ECEN 340 Seth Ricks Ian Fleming/ECEN-340/General/Lab Docs/Lab7/traffic_controller'
INFO: [filemgmt 56-3] Default IP Output Path : Could not find the directory 'C:/Users/slricks340/Desktop/ECEN 340 Seth Ricks Ian Fleming/ECEN-340/General/Lab Docs/Lab7/traffic_controller/traffic_controller.gen/sources_1'.
Scanning sources...
Finished scanning sources
INFO: [IP_Flow 19-234] Refreshing IP repositories
INFO: [IP_Flow 19-1704] No user IP repositories specified
INFO: [IP_Flow 19-2313] Loaded Vivado IP repository 'C:/Xilinx/Vivado/2024.2/data/ip'.
update_compile_order -fileset sources_1
launch_simulation
Command: launch_simulation 
INFO: [Vivado 12-12493] Simulation top is 'traffic_light_tb'
WARNING: [Vivado 12-13340] Unable to auto find GCC executables from simulator install path! (path not set)
INFO: [Vivado 12-5682] Launching behavioral simulation in 'C:/Users/slricks340/Desktop/ECEN 340 Seth Ricks Ian Fleming/ECEN-340/General/Lab Docs/Lab7/traffic_controller/traffic_controller.sim/sim_1/behav/xsim'
INFO: [SIM-utils-51] Simulation object is 'sim_1'
INFO: [SIM-utils-72] Using boost library from 'C:/Xilinx/Vivado/2024.2/tps/boost_1_72_0'
INFO: [SIM-utils-54] Inspecting design source files for 'traffic_light_tb' in fileset 'sim_1'...
INFO: [USF-XSim-97] Finding global include files...
INFO: [USF-XSim-98] Fetching design files from 'sim_1'...
INFO: [USF-XSim-2] XSim::Compile design
INFO: [USF-XSim-61] Executing 'COMPILE and ANALYZE' step in 'C:/Users/slricks340/Desktop/ECEN 340 Seth Ricks Ian Fleming/ECEN-340/General/Lab Docs/Lab7/traffic_controller/traffic_controller.sim/sim_1/behav/xsim'
"xvlog --incr --relax -prj traffic_light_tb_vlog.prj"
INFO: [VRFC 10-2263] Analyzing Verilog file "C:/Users/slricks340/Desktop/ECEN 340 Seth Ricks Ian Fleming/ECEN-340/General/Lab Docs/Lab7/traffic_controller/traffic_controller.srcs/sources_1/new/traffic_light.v" into library xil_defaultlib
INFO: [VRFC 10-311] analyzing module traffic_light
INFO: [VRFC 10-2263] Analyzing Verilog file "C:/Users/slricks340/Desktop/ECEN 340 Seth Ricks Ian Fleming/ECEN-340/General/Lab Docs/Lab7/traffic_controller/traffic_controller.srcs/sim_1/new/traffic_light_tb.v" into library xil_defaultlib
INFO: [VRFC 10-311] analyzing module traffic_light_tb
INFO: [USF-XSim-69] 'compile' step finished in '1' seconds
INFO: [USF-XSim-3] XSim::Elaborate design
INFO: [USF-XSim-61] Executing 'ELABORATE' step in 'C:/Users/slricks340/Desktop/ECEN 340 Seth Ricks Ian Fleming/ECEN-340/General/Lab Docs/Lab7/traffic_controller/traffic_controller.sim/sim_1/behav/xsim'
"xelab --incr --debug typical --relax --mt 2 -L xil_defaultlib -L unisims_ver -L unimacro_ver -L secureip --snapshot traffic_light_tb_behav xil_defaultlib.traffic_light_tb xil_defaultlib.glbl -log elaborate.log"
Vivado Simulator v2024.2.0
Copyright 1986-2022 Xilinx, Inc. All Rights Reserved.
Copyright 2022-2024 Advanced Micro Devices, Inc. All Rights Reserved.
Running: C:/Xilinx/Vivado/2024.2/bin/unwrapped/win64.o/xelab.exe --incr --debug typical --relax --mt 2 -L xil_defaultlib -L unisims_ver -L unimacro_ver -L secureip --snapshot traffic_light_tb_behav xil_defaultlib.traffic_light_tb xil_defaultlib.glbl -log elaborate.log 
Using 2 slave threads.
Starting static elaboration
Pass Through NonSizing Optimizer
Completed static elaboration
Starting simulation data flow analysis
Completed simulation data flow analysis
Time Resolution for simulation is 1ps
Compiling module xil_defaultlib.traffic_light
Compiling module xil_defaultlib.traffic_light_tb
Compiling module xil_defaultlib.glbl
Built simulation snapshot traffic_light_tb_behav
INFO: [USF-XSim-69] 'elaborate' step finished in '2' seconds
INFO: [USF-XSim-4] XSim::Simulate design
INFO: [USF-XSim-61] Executing 'SIMULATE' step in 'C:/Users/slricks340/Desktop/ECEN 340 Seth Ricks Ian Fleming/ECEN-340/General/Lab Docs/Lab7/traffic_controller/traffic_controller.sim/sim_1/behav/xsim'
INFO: [USF-XSim-98] *** Running xsim
   with args "traffic_light_tb_behav -key {Behavioral:sim_1:Functional:traffic_light_tb} -tclbatch {traffic_light_tb.tcl} -log {simulate.log}"
INFO: [USF-XSim-8] Loading simulator feature
Time resolution is 1 ps
source traffic_light_tb.tcl
# set curr_wave [current_wave_config]
# if { [string length $curr_wave] == 0 } {
#   if { [llength [get_objects]] > 0} {
#     add_wave /
#     set_property needs_save false [current_wave_config]
#   } else {
#      send_msg_id Add_Wave-1 WARNING "No top level signals found. Simulator will start without a wave window. If you want to open a wave window go to 'File->New Waveform Configuration' or type 'create_wave_config' in the TCL console."
#   }
# }
# run 1000ns
INFO: [USF-XSim-96] XSim completed. Design snapshot 'traffic_light_tb_behav' loaded.
INFO: [USF-XSim-97] XSim simulation ran for 1000ns
launch_simulation: Time (s): cpu = 00:00:03 ; elapsed = 00:00:06 . Memory (MB): peak = 1246.551 ; gain = 25.586
relaunch_sim
Command: launch_simulation -step compile -simset sim_1 -mode behavioral
INFO: [Vivado 12-12493] Simulation top is 'traffic_light_tb'
WARNING: [Vivado 12-13340] Unable to auto find GCC executables from simulator install path! (path not set)
INFO: [Vivado 12-5682] Launching behavioral simulation in 'C:/Users/slricks340/Desktop/ECEN 340 Seth Ricks Ian Fleming/ECEN-340/General/Lab Docs/Lab7/traffic_controller/traffic_controller.sim/sim_1/behav/xsim'
INFO: [SIM-utils-51] Simulation object is 'sim_1'
INFO: [SIM-utils-72] Using boost library from 'C:/Xilinx/Vivado/2024.2/tps/boost_1_72_0'
INFO: [SIM-utils-54] Inspecting design source files for 'traffic_light_tb' in fileset 'sim_1'...
INFO: [USF-XSim-97] Finding global include files...
INFO: [USF-XSim-98] Fetching design files from 'sim_1'...
INFO: [USF-XSim-2] XSim::Compile design
INFO: [USF-XSim-61] Executing 'COMPILE and ANALYZE' step in 'C:/Users/slricks340/Desktop/ECEN 340 Seth Ricks Ian Fleming/ECEN-340/General/Lab Docs/Lab7/traffic_controller/traffic_controller.sim/sim_1/behav/xsim'
"xvlog --incr --relax -prj traffic_light_tb_vlog.prj"
INFO: [USF-XSim-69] 'compile' step finished in '1' seconds
Command: launch_simulation -step elaborate -simset sim_1 -mode behavioral
INFO: [Vivado 12-12493] Simulation top is 'traffic_light_tb'
WARNING: [Vivado 12-13340] Unable to auto find GCC executables from simulator install path! (path not set)
INFO: [Vivado 12-5682] Launching behavioral simulation in 'C:/Users/slricks340/Desktop/ECEN 340 Seth Ricks Ian Fleming/ECEN-340/General/Lab Docs/Lab7/traffic_controller/traffic_controller.sim/sim_1/behav/xsim'
INFO: [SIM-utils-51] Simulation object is 'sim_1'
INFO: [USF-XSim-3] XSim::Elaborate design
INFO: [USF-XSim-61] Executing 'ELABORATE' step in 'C:/Users/slricks340/Desktop/ECEN 340 Seth Ricks Ian Fleming/ECEN-340/General/Lab Docs/Lab7/traffic_controller/traffic_controller.sim/sim_1/behav/xsim'
"xelab --incr --debug typical --relax --mt 2 -L xil_defaultlib -L unisims_ver -L unimacro_ver -L secureip --snapshot traffic_light_tb_behav xil_defaultlib.traffic_light_tb xil_defaultlib.glbl -log elaborate.log"
Vivado Simulator v2024.2.0
Copyright 1986-2022 Xilinx, Inc. All Rights Reserved.
Copyright 2022-2024 Advanced Micro Devices, Inc. All Rights Reserved.
Running: C:/Xilinx/Vivado/2024.2/bin/unwrapped/win64.o/xelab.exe --incr --debug typical --relax --mt 2 -L xil_defaultlib -L unisims_ver -L unimacro_ver -L secureip --snapshot traffic_light_tb_behav xil_defaultlib.traffic_light_tb xil_defaultlib.glbl -log elaborate.log 
Using 2 slave threads.
Starting static elaboration
Pass Through NonSizing Optimizer
Completed static elaboration
INFO: [XSIM 43-4323] No Change in HDL. Linking previously generated obj files to create kernel
INFO: [USF-XSim-69] 'elaborate' step finished in '1' seconds
Time resolution is 1 ps
run all
$finish called at time : 60150 ns : File "C:/Users/slricks340/Desktop/ECEN 340 Seth Ricks Ian Fleming/ECEN-340/General/Lab Docs/Lab7/traffic_controller/traffic_controller.srcs/sim_1/new/traffic_light_tb.v" Line 47
run all
run: Time (s): cpu = 00:00:40 ; elapsed = 00:00:28 . Memory (MB): peak = 1272.719 ; gain = 26.168
WARNING: [filemgmt 56-199] Attempt to get parsing info during refresh. "On-the-fly" syntax checking information may be incorrect. [C:\Users\slricks340\Desktop\ECEN 340 Seth Ricks Ian Fleming\ECEN-340\General\Lab Docs\Lab7\traffic_controller\traffic_controller.srcs\sources_1\new\traffic_light.v:]
WARNING: [filemgmt 56-199] Attempt to get parsing info during refresh. "On-the-fly" syntax checking information may be incorrect. [C:\Users\slricks340\Desktop\ECEN 340 Seth Ricks Ian Fleming\ECEN-340\General\Lab Docs\Lab7\traffic_controller\traffic_controller.srcs\sim_1\new\traffic_light_tb.v:]
WARNING: [filemgmt 56-199] Attempt to get parsing info during refresh. "On-the-fly" syntax checking information may be incorrect. [C:\Users\slricks340\Desktop\ECEN 340 Seth Ricks Ian Fleming\ECEN-340\General\Lab Docs\Lab7\traffic_controller\traffic_controller.srcs\sim_1\new\traffic_light_tb.v:]
WARNING: [filemgmt 56-199] Attempt to get parsing info during refresh. "On-the-fly" syntax checking information may be incorrect. [C:\Users\slricks340\Desktop\ECEN 340 Seth Ricks Ian Fleming\ECEN-340\General\Lab Docs\Lab7\traffic_controller\traffic_controller.srcs\sim_1\new\traffic_light_tb.v:]
ERROR: [Common 17-180] Spawn failed: No error
relaunch_sim
Command: launch_simulation -step compile -simset sim_1 -mode behavioral
INFO: [Vivado 12-12493] Simulation top is 'traffic_light_tb'
WARNING: [Vivado 12-13340] Unable to auto find GCC executables from simulator install path! (path not set)
INFO: [Vivado 12-5682] Launching behavioral simulation in 'C:/Users/slricks340/Desktop/ECEN 340 Seth Ricks Ian Fleming/ECEN-340/General/Lab Docs/Lab7/traffic_controller/traffic_controller.sim/sim_1/behav/xsim'
INFO: [SIM-utils-51] Simulation object is 'sim_1'
INFO: [USF-XSim-2] XSim::Compile design
INFO: [USF-XSim-61] Executing 'COMPILE and ANALYZE' step in 'C:/Users/slricks340/Desktop/ECEN 340 Seth Ricks Ian Fleming/ECEN-340/General/Lab Docs/Lab7/traffic_controller/traffic_controller.sim/sim_1/behav/xsim'
"xvlog --incr --relax -prj traffic_light_tb_vlog.prj"
INFO: [VRFC 10-2263] Analyzing Verilog file "C:/Users/slricks340/Desktop/ECEN 340 Seth Ricks Ian Fleming/ECEN-340/General/Lab Docs/Lab7/traffic_controller/traffic_controller.srcs/sources_1/new/traffic_light.v" into library xil_defaultlib
INFO: [VRFC 10-311] analyzing module traffic_light
INFO: [VRFC 10-2263] Analyzing Verilog file "C:/Users/slricks340/Desktop/ECEN 340 Seth Ricks Ian Fleming/ECEN-340/General/Lab Docs/Lab7/traffic_controller/traffic_controller.srcs/sim_1/new/traffic_light_tb.v" into library xil_defaultlib
INFO: [VRFC 10-311] analyzing module traffic_light_tb
INFO: [USF-XSim-69] 'compile' step finished in '1' seconds
Command: launch_simulation -step elaborate -simset sim_1 -mode behavioral
INFO: [Vivado 12-12493] Simulation top is 'traffic_light_tb'
WARNING: [Vivado 12-13340] Unable to auto find GCC executables from simulator install path! (path not set)
INFO: [Vivado 12-5682] Launching behavioral simulation in 'C:/Users/slricks340/Desktop/ECEN 340 Seth Ricks Ian Fleming/ECEN-340/General/Lab Docs/Lab7/traffic_controller/traffic_controller.sim/sim_1/behav/xsim'
INFO: [SIM-utils-51] Simulation object is 'sim_1'
INFO: [USF-XSim-3] XSim::Elaborate design
INFO: [USF-XSim-61] Executing 'ELABORATE' step in 'C:/Users/slricks340/Desktop/ECEN 340 Seth Ricks Ian Fleming/ECEN-340/General/Lab Docs/Lab7/traffic_controller/traffic_controller.sim/sim_1/behav/xsim'
"xelab --incr --debug typical --relax --mt 2 -L xil_defaultlib -L unisims_ver -L unimacro_ver -L secureip --snapshot traffic_light_tb_behav xil_defaultlib.traffic_light_tb xil_defaultlib.glbl -log elaborate.log"
Vivado Simulator v2024.2.0
Copyright 1986-2022 Xilinx, Inc. All Rights Reserved.
Copyright 2022-2024 Advanced Micro Devices, Inc. All Rights Reserved.
Running: C:/Xilinx/Vivado/2024.2/bin/unwrapped/win64.o/xelab.exe --incr --debug typical --relax --mt 2 -L xil_defaultlib -L unisims_ver -L unimacro_ver -L secureip --snapshot traffic_light_tb_behav xil_defaultlib.traffic_light_tb xil_defaultlib.glbl -log elaborate.log 
Using 2 slave threads.
Starting static elaboration
Pass Through NonSizing Optimizer
Completed static elaboration
Starting simulation data flow analysis
Completed simulation data flow analysis
Time Resolution for simulation is 1ps
Compiling module xil_defaultlib.traffic_light
Compiling module xil_defaultlib.traffic_light_tb
Compiling module xil_defaultlib.glbl
Built simulation snapshot traffic_light_tb_behav
INFO: [USF-XSim-69] 'elaborate' step finished in '2' seconds
Time resolution is 1 ps
run all
$finish called at time : 60150 ns : File "C:/Users/slricks340/Desktop/ECEN 340 Seth Ricks Ian Fleming/ECEN-340/General/Lab Docs/Lab7/traffic_controller/traffic_controller.srcs/sim_1/new/traffic_light_tb.v" Line 47
open_run synth_1 -name synth_1
Design is defaulting to impl run constrset: constrs_1
Design is defaulting to synth run part: xc7a35tcpg236-1
INFO: [Device 21-403] Loading part xc7a35tcpg236-1
Netlist sorting complete. Time (s): cpu = 00:00:00 ; elapsed = 00:00:00 . Memory (MB): peak = 2301.051 ; gain = 0.000
INFO: [Netlist 29-17] Analyzing 7 Unisim elements for replacement
INFO: [Netlist 29-28] Unisim Transformation completed in 0 CPU seconds
INFO: [Project 1-479] Netlist was created with Vivado 2024.2
INFO: [Project 1-570] Preparing netlist for logic optimization
Parsing XDC File [C:/Users/slricks340/Desktop/ECEN 340 Seth Ricks Ian Fleming/ECEN-340/General/Basys3_Master.xdc]
WARNING: [Vivado 12-584] No ports matched 'sw[0]'. [C:/Users/slricks340/Desktop/ECEN 340 Seth Ricks Ian Fleming/ECEN-340/General/Basys3_Master.xdc:12]
CRITICAL WARNING: [Common 17-55] 'set_property' expects at least one object. [C:/Users/slricks340/Desktop/ECEN 340 Seth Ricks Ian Fleming/ECEN-340/General/Basys3_Master.xdc:12]
Resolution: If [get_<value>] was used to populate the object, check to make sure this command returns at least one valid object.
WARNING: [Vivado 12-584] No ports matched 'sw[0]'. [C:/Users/slricks340/Desktop/ECEN 340 Seth Ricks Ian Fleming/ECEN-340/General/Basys3_Master.xdc:13]
CRITICAL WARNING: [Common 17-55] 'set_property' expects at least one object. [C:/Users/slricks340/Desktop/ECEN 340 Seth Ricks Ian Fleming/ECEN-340/General/Basys3_Master.xdc:13]
Resolution: If [get_<value>] was used to populate the object, check to make sure this command returns at least one valid object.
WARNING: [Vivado 12-584] No ports matched 'sw[1]'. [C:/Users/slricks340/Desktop/ECEN 340 Seth Ricks Ian Fleming/ECEN-340/General/Basys3_Master.xdc:14]
CRITICAL WARNING: [Common 17-55] 'set_property' expects at least one object. [C:/Users/slricks340/Desktop/ECEN 340 Seth Ricks Ian Fleming/ECEN-340/General/Basys3_Master.xdc:14]
Resolution: If [get_<value>] was used to populate the object, check to make sure this command returns at least one valid object.
WARNING: [Vivado 12-584] No ports matched 'sw[1]'. [C:/Users/slricks340/Desktop/ECEN 340 Seth Ricks Ian Fleming/ECEN-340/General/Basys3_Master.xdc:15]
CRITICAL WARNING: [Common 17-55] 'set_property' expects at least one object. [C:/Users/slricks340/Desktop/ECEN 340 Seth Ricks Ian Fleming/ECEN-340/General/Basys3_Master.xdc:15]
Resolution: If [get_<value>] was used to populate the object, check to make sure this command returns at least one valid object.
WARNING: [Vivado 12-584] No ports matched 'sw[2]'. [C:/Users/slricks340/Desktop/ECEN 340 Seth Ricks Ian Fleming/ECEN-340/General/Basys3_Master.xdc:16]
CRITICAL WARNING: [Common 17-55] 'set_property' expects at least one object. [C:/Users/slricks340/Desktop/ECEN 340 Seth Ricks Ian Fleming/ECEN-340/General/Basys3_Master.xdc:16]
Resolution: If [get_<value>] was used to populate the object, check to make sure this command returns at least one valid object.
WARNING: [Vivado 12-584] No ports matched 'sw[2]'. [C:/Users/slricks340/Desktop/ECEN 340 Seth Ricks Ian Fleming/ECEN-340/General/Basys3_Master.xdc:17]
CRITICAL WARNING: [Common 17-55] 'set_property' expects at least one object. [C:/Users/slricks340/Desktop/ECEN 340 Seth Ricks Ian Fleming/ECEN-340/General/Basys3_Master.xdc:17]
Resolution: If [get_<value>] was used to populate the object, check to make sure this command returns at least one valid object.
WARNING: [Vivado 12-584] No ports matched 'sw[3]'. [C:/Users/slricks340/Desktop/ECEN 340 Seth Ricks Ian Fleming/ECEN-340/General/Basys3_Master.xdc:18]
CRITICAL WARNING: [Common 17-55] 'set_property' expects at least one object. [C:/Users/slricks340/Desktop/ECEN 340 Seth Ricks Ian Fleming/ECEN-340/General/Basys3_Master.xdc:18]
Resolution: If [get_<value>] was used to populate the object, check to make sure this command returns at least one valid object.
WARNING: [Vivado 12-584] No ports matched 'sw[3]'. [C:/Users/slricks340/Desktop/ECEN 340 Seth Ricks Ian Fleming/ECEN-340/General/Basys3_Master.xdc:19]
CRITICAL WARNING: [Common 17-55] 'set_property' expects at least one object. [C:/Users/slricks340/Desktop/ECEN 340 Seth Ricks Ian Fleming/ECEN-340/General/Basys3_Master.xdc:19]
Resolution: If [get_<value>] was used to populate the object, check to make sure this command returns at least one valid object.
WARNING: [Vivado 12-584] No ports matched 'sw[4]'. [C:/Users/slricks340/Desktop/ECEN 340 Seth Ricks Ian Fleming/ECEN-340/General/Basys3_Master.xdc:20]
CRITICAL WARNING: [Common 17-55] 'set_property' expects at least one object. [C:/Users/slricks340/Desktop/ECEN 340 Seth Ricks Ian Fleming/ECEN-340/General/Basys3_Master.xdc:20]
Resolution: If [get_<value>] was used to populate the object, check to make sure this command returns at least one valid object.
WARNING: [Vivado 12-584] No ports matched 'sw[4]'. [C:/Users/slricks340/Desktop/ECEN 340 Seth Ricks Ian Fleming/ECEN-340/General/Basys3_Master.xdc:21]
CRITICAL WARNING: [Common 17-55] 'set_property' expects at least one object. [C:/Users/slricks340/Desktop/ECEN 340 Seth Ricks Ian Fleming/ECEN-340/General/Basys3_Master.xdc:21]
Resolution: If [get_<value>] was used to populate the object, check to make sure this command returns at least one valid object.
WARNING: [Vivado 12-584] No ports matched 'sw[5]'. [C:/Users/slricks340/Desktop/ECEN 340 Seth Ricks Ian Fleming/ECEN-340/General/Basys3_Master.xdc:22]
CRITICAL WARNING: [Common 17-55] 'set_property' expects at least one object. [C:/Users/slricks340/Desktop/ECEN 340 Seth Ricks Ian Fleming/ECEN-340/General/Basys3_Master.xdc:22]
Resolution: If [get_<value>] was used to populate the object, check to make sure this command returns at least one valid object.
WARNING: [Vivado 12-584] No ports matched 'sw[5]'. [C:/Users/slricks340/Desktop/ECEN 340 Seth Ricks Ian Fleming/ECEN-340/General/Basys3_Master.xdc:23]
CRITICAL WARNING: [Common 17-55] 'set_property' expects at least one object. [C:/Users/slricks340/Desktop/ECEN 340 Seth Ricks Ian Fleming/ECEN-340/General/Basys3_Master.xdc:23]
Resolution: If [get_<value>] was used to populate the object, check to make sure this command returns at least one valid object.
WARNING: [Vivado 12-584] No ports matched 'sw[6]'. [C:/Users/slricks340/Desktop/ECEN 340 Seth Ricks Ian Fleming/ECEN-340/General/Basys3_Master.xdc:24]
CRITICAL WARNING: [Common 17-55] 'set_property' expects at least one object. [C:/Users/slricks340/Desktop/ECEN 340 Seth Ricks Ian Fleming/ECEN-340/General/Basys3_Master.xdc:24]
Resolution: If [get_<value>] was used to populate the object, check to make sure this command returns at least one valid object.
WARNING: [Vivado 12-584] No ports matched 'sw[6]'. [C:/Users/slricks340/Desktop/ECEN 340 Seth Ricks Ian Fleming/ECEN-340/General/Basys3_Master.xdc:25]
CRITICAL WARNING: [Common 17-55] 'set_property' expects at least one object. [C:/Users/slricks340/Desktop/ECEN 340 Seth Ricks Ian Fleming/ECEN-340/General/Basys3_Master.xdc:25]
Resolution: If [get_<value>] was used to populate the object, check to make sure this command returns at least one valid object.
WARNING: [Vivado 12-584] No ports matched 'sw[7]'. [C:/Users/slricks340/Desktop/ECEN 340 Seth Ricks Ian Fleming/ECEN-340/General/Basys3_Master.xdc:26]
CRITICAL WARNING: [Common 17-55] 'set_property' expects at least one object. [C:/Users/slricks340/Desktop/ECEN 340 Seth Ricks Ian Fleming/ECEN-340/General/Basys3_Master.xdc:26]
Resolution: If [get_<value>] was used to populate the object, check to make sure this command returns at least one valid object.
WARNING: [Vivado 12-584] No ports matched 'sw[7]'. [C:/Users/slricks340/Desktop/ECEN 340 Seth Ricks Ian Fleming/ECEN-340/General/Basys3_Master.xdc:27]
CRITICAL WARNING: [Common 17-55] 'set_property' expects at least one object. [C:/Users/slricks340/Desktop/ECEN 340 Seth Ricks Ian Fleming/ECEN-340/General/Basys3_Master.xdc:27]
Resolution: If [get_<value>] was used to populate the object, check to make sure this command returns at least one valid object.
WARNING: [Vivado 12-584] No ports matched 'sw[8]'. [C:/Users/slricks340/Desktop/ECEN 340 Seth Ricks Ian Fleming/ECEN-340/General/Basys3_Master.xdc:28]
CRITICAL WARNING: [Common 17-55] 'set_property' expects at least one object. [C:/Users/slricks340/Desktop/ECEN 340 Seth Ricks Ian Fleming/ECEN-340/General/Basys3_Master.xdc:28]
Resolution: If [get_<value>] was used to populate the object, check to make sure this command returns at least one valid object.
WARNING: [Vivado 12-584] No ports matched 'sw[8]'. [C:/Users/slricks340/Desktop/ECEN 340 Seth Ricks Ian Fleming/ECEN-340/General/Basys3_Master.xdc:29]
CRITICAL WARNING: [Common 17-55] 'set_property' expects at least one object. [C:/Users/slricks340/Desktop/ECEN 340 Seth Ricks Ian Fleming/ECEN-340/General/Basys3_Master.xdc:29]
Resolution: If [get_<value>] was used to populate the object, check to make sure this command returns at least one valid object.
WARNING: [Vivado 12-584] No ports matched 'sw[9]'. [C:/Users/slricks340/Desktop/ECEN 340 Seth Ricks Ian Fleming/ECEN-340/General/Basys3_Master.xdc:30]
CRITICAL WARNING: [Common 17-55] 'set_property' expects at least one object. [C:/Users/slricks340/Desktop/ECEN 340 Seth Ricks Ian Fleming/ECEN-340/General/Basys3_Master.xdc:30]
Resolution: If [get_<value>] was used to populate the object, check to make sure this command returns at least one valid object.
WARNING: [Vivado 12-584] No ports matched 'sw[9]'. [C:/Users/slricks340/Desktop/ECEN 340 Seth Ricks Ian Fleming/ECEN-340/General/Basys3_Master.xdc:31]
CRITICAL WARNING: [Common 17-55] 'set_property' expects at least one object. [C:/Users/slricks340/Desktop/ECEN 340 Seth Ricks Ian Fleming/ECEN-340/General/Basys3_Master.xdc:31]
Resolution: If [get_<value>] was used to populate the object, check to make sure this command returns at least one valid object.
WARNING: [Vivado 12-584] No ports matched 'sw[10]'. [C:/Users/slricks340/Desktop/ECEN 340 Seth Ricks Ian Fleming/ECEN-340/General/Basys3_Master.xdc:32]
CRITICAL WARNING: [Common 17-55] 'set_property' expects at least one object. [C:/Users/slricks340/Desktop/ECEN 340 Seth Ricks Ian Fleming/ECEN-340/General/Basys3_Master.xdc:32]
Resolution: If [get_<value>] was used to populate the object, check to make sure this command returns at least one valid object.
WARNING: [Vivado 12-584] No ports matched 'sw[10]'. [C:/Users/slricks340/Desktop/ECEN 340 Seth Ricks Ian Fleming/ECEN-340/General/Basys3_Master.xdc:33]
CRITICAL WARNING: [Common 17-55] 'set_property' expects at least one object. [C:/Users/slricks340/Desktop/ECEN 340 Seth Ricks Ian Fleming/ECEN-340/General/Basys3_Master.xdc:33]
Resolution: If [get_<value>] was used to populate the object, check to make sure this command returns at least one valid object.
WARNING: [Vivado 12-584] No ports matched 'sw[11]'. [C:/Users/slricks340/Desktop/ECEN 340 Seth Ricks Ian Fleming/ECEN-340/General/Basys3_Master.xdc:34]
CRITICAL WARNING: [Common 17-55] 'set_property' expects at least one object. [C:/Users/slricks340/Desktop/ECEN 340 Seth Ricks Ian Fleming/ECEN-340/General/Basys3_Master.xdc:34]
Resolution: If [get_<value>] was used to populate the object, check to make sure this command returns at least one valid object.
WARNING: [Vivado 12-584] No ports matched 'sw[11]'. [C:/Users/slricks340/Desktop/ECEN 340 Seth Ricks Ian Fleming/ECEN-340/General/Basys3_Master.xdc:35]
CRITICAL WARNING: [Common 17-55] 'set_property' expects at least one object. [C:/Users/slricks340/Desktop/ECEN 340 Seth Ricks Ian Fleming/ECEN-340/General/Basys3_Master.xdc:35]
Resolution: If [get_<value>] was used to populate the object, check to make sure this command returns at least one valid object.
WARNING: [Vivado 12-584] No ports matched 'sw[12]'. [C:/Users/slricks340/Desktop/ECEN 340 Seth Ricks Ian Fleming/ECEN-340/General/Basys3_Master.xdc:36]
CRITICAL WARNING: [Common 17-55] 'set_property' expects at least one object. [C:/Users/slricks340/Desktop/ECEN 340 Seth Ricks Ian Fleming/ECEN-340/General/Basys3_Master.xdc:36]
Resolution: If [get_<value>] was used to populate the object, check to make sure this command returns at least one valid object.
WARNING: [Vivado 12-584] No ports matched 'sw[12]'. [C:/Users/slricks340/Desktop/ECEN 340 Seth Ricks Ian Fleming/ECEN-340/General/Basys3_Master.xdc:37]
CRITICAL WARNING: [Common 17-55] 'set_property' expects at least one object. [C:/Users/slricks340/Desktop/ECEN 340 Seth Ricks Ian Fleming/ECEN-340/General/Basys3_Master.xdc:37]
Resolution: If [get_<value>] was used to populate the object, check to make sure this command returns at least one valid object.
WARNING: [Vivado 12-584] No ports matched 'sw[13]'. [C:/Users/slricks340/Desktop/ECEN 340 Seth Ricks Ian Fleming/ECEN-340/General/Basys3_Master.xdc:38]
CRITICAL WARNING: [Common 17-55] 'set_property' expects at least one object. [C:/Users/slricks340/Desktop/ECEN 340 Seth Ricks Ian Fleming/ECEN-340/General/Basys3_Master.xdc:38]
Resolution: If [get_<value>] was used to populate the object, check to make sure this command returns at least one valid object.
WARNING: [Vivado 12-584] No ports matched 'sw[13]'. [C:/Users/slricks340/Desktop/ECEN 340 Seth Ricks Ian Fleming/ECEN-340/General/Basys3_Master.xdc:39]
CRITICAL WARNING: [Common 17-55] 'set_property' expects at least one object. [C:/Users/slricks340/Desktop/ECEN 340 Seth Ricks Ian Fleming/ECEN-340/General/Basys3_Master.xdc:39]
Resolution: If [get_<value>] was used to populate the object, check to make sure this command returns at least one valid object.
WARNING: [Vivado 12-584] No ports matched 'sw[14]'. [C:/Users/slricks340/Desktop/ECEN 340 Seth Ricks Ian Fleming/ECEN-340/General/Basys3_Master.xdc:40]
CRITICAL WARNING: [Common 17-55] 'set_property' expects at least one object. [C:/Users/slricks340/Desktop/ECEN 340 Seth Ricks Ian Fleming/ECEN-340/General/Basys3_Master.xdc:40]
Resolution: If [get_<value>] was used to populate the object, check to make sure this command returns at least one valid object.
WARNING: [Vivado 12-584] No ports matched 'sw[14]'. [C:/Users/slricks340/Desktop/ECEN 340 Seth Ricks Ian Fleming/ECEN-340/General/Basys3_Master.xdc:41]
CRITICAL WARNING: [Common 17-55] 'set_property' expects at least one object. [C:/Users/slricks340/Desktop/ECEN 340 Seth Ricks Ian Fleming/ECEN-340/General/Basys3_Master.xdc:41]
Resolution: If [get_<value>] was used to populate the object, check to make sure this command returns at least one valid object.
WARNING: [Vivado 12-584] No ports matched 'sw[15]'. [C:/Users/slricks340/Desktop/ECEN 340 Seth Ricks Ian Fleming/ECEN-340/General/Basys3_Master.xdc:42]
CRITICAL WARNING: [Common 17-55] 'set_property' expects at least one object. [C:/Users/slricks340/Desktop/ECEN 340 Seth Ricks Ian Fleming/ECEN-340/General/Basys3_Master.xdc:42]
Resolution: If [get_<value>] was used to populate the object, check to make sure this command returns at least one valid object.
WARNING: [Vivado 12-584] No ports matched 'sw[15]'. [C:/Users/slricks340/Desktop/ECEN 340 Seth Ricks Ian Fleming/ECEN-340/General/Basys3_Master.xdc:43]
CRITICAL WARNING: [Common 17-55] 'set_property' expects at least one object. [C:/Users/slricks340/Desktop/ECEN 340 Seth Ricks Ian Fleming/ECEN-340/General/Basys3_Master.xdc:43]
Resolution: If [get_<value>] was used to populate the object, check to make sure this command returns at least one valid object.
WARNING: [Vivado 12-584] No ports matched 'led[6]'. [C:/Users/slricks340/Desktop/ECEN 340 Seth Ricks Ian Fleming/ECEN-340/General/Basys3_Master.xdc:59]
CRITICAL WARNING: [Common 17-55] 'set_property' expects at least one object. [C:/Users/slricks340/Desktop/ECEN 340 Seth Ricks Ian Fleming/ECEN-340/General/Basys3_Master.xdc:59]
Resolution: If [get_<value>] was used to populate the object, check to make sure this command returns at least one valid object.
WARNING: [Vivado 12-584] No ports matched 'led[6]'. [C:/Users/slricks340/Desktop/ECEN 340 Seth Ricks Ian Fleming/ECEN-340/General/Basys3_Master.xdc:60]
CRITICAL WARNING: [Common 17-55] 'set_property' expects at least one object. [C:/Users/slricks340/Desktop/ECEN 340 Seth Ricks Ian Fleming/ECEN-340/General/Basys3_Master.xdc:60]
Resolution: If [get_<value>] was used to populate the object, check to make sure this command returns at least one valid object.
WARNING: [Vivado 12-584] No ports matched 'led[7]'. [C:/Users/slricks340/Desktop/ECEN 340 Seth Ricks Ian Fleming/ECEN-340/General/Basys3_Master.xdc:61]
CRITICAL WARNING: [Common 17-55] 'set_property' expects at least one object. [C:/Users/slricks340/Desktop/ECEN 340 Seth Ricks Ian Fleming/ECEN-340/General/Basys3_Master.xdc:61]
Resolution: If [get_<value>] was used to populate the object, check to make sure this command returns at least one valid object.
WARNING: [Vivado 12-584] No ports matched 'led[7]'. [C:/Users/slricks340/Desktop/ECEN 340 Seth Ricks Ian Fleming/ECEN-340/General/Basys3_Master.xdc:62]
CRITICAL WARNING: [Common 17-55] 'set_property' expects at least one object. [C:/Users/slricks340/Desktop/ECEN 340 Seth Ricks Ian Fleming/ECEN-340/General/Basys3_Master.xdc:62]
Resolution: If [get_<value>] was used to populate the object, check to make sure this command returns at least one valid object.
WARNING: [Vivado 12-584] No ports matched 'led[8]'. [C:/Users/slricks340/Desktop/ECEN 340 Seth Ricks Ian Fleming/ECEN-340/General/Basys3_Master.xdc:63]
CRITICAL WARNING: [Common 17-55] 'set_property' expects at least one object. [C:/Users/slricks340/Desktop/ECEN 340 Seth Ricks Ian Fleming/ECEN-340/General/Basys3_Master.xdc:63]
Resolution: If [get_<value>] was used to populate the object, check to make sure this command returns at least one valid object.
WARNING: [Vivado 12-584] No ports matched 'led[8]'. [C:/Users/slricks340/Desktop/ECEN 340 Seth Ricks Ian Fleming/ECEN-340/General/Basys3_Master.xdc:64]
CRITICAL WARNING: [Common 17-55] 'set_property' expects at least one object. [C:/Users/slricks340/Desktop/ECEN 340 Seth Ricks Ian Fleming/ECEN-340/General/Basys3_Master.xdc:64]
Resolution: If [get_<value>] was used to populate the object, check to make sure this command returns at least one valid object.
WARNING: [Vivado 12-584] No ports matched 'led[9]'. [C:/Users/slricks340/Desktop/ECEN 340 Seth Ricks Ian Fleming/ECEN-340/General/Basys3_Master.xdc:65]
CRITICAL WARNING: [Common 17-55] 'set_property' expects at least one object. [C:/Users/slricks340/Desktop/ECEN 340 Seth Ricks Ian Fleming/ECEN-340/General/Basys3_Master.xdc:65]
Resolution: If [get_<value>] was used to populate the object, check to make sure this command returns at least one valid object.
WARNING: [Vivado 12-584] No ports matched 'led[9]'. [C:/Users/slricks340/Desktop/ECEN 340 Seth Ricks Ian Fleming/ECEN-340/General/Basys3_Master.xdc:66]
CRITICAL WARNING: [Common 17-55] 'set_property' expects at least one object. [C:/Users/slricks340/Desktop/ECEN 340 Seth Ricks Ian Fleming/ECEN-340/General/Basys3_Master.xdc:66]
Resolution: If [get_<value>] was used to populate the object, check to make sure this command returns at least one valid object.
WARNING: [Vivado 12-584] No ports matched 'led[10]'. [C:/Users/slricks340/Desktop/ECEN 340 Seth Ricks Ian Fleming/ECEN-340/General/Basys3_Master.xdc:67]
CRITICAL WARNING: [Common 17-55] 'set_property' expects at least one object. [C:/Users/slricks340/Desktop/ECEN 340 Seth Ricks Ian Fleming/ECEN-340/General/Basys3_Master.xdc:67]
Resolution: If [get_<value>] was used to populate the object, check to make sure this command returns at least one valid object.
WARNING: [Vivado 12-584] No ports matched 'led[10]'. [C:/Users/slricks340/Desktop/ECEN 340 Seth Ricks Ian Fleming/ECEN-340/General/Basys3_Master.xdc:68]
CRITICAL WARNING: [Common 17-55] 'set_property' expects at least one object. [C:/Users/slricks340/Desktop/ECEN 340 Seth Ricks Ian Fleming/ECEN-340/General/Basys3_Master.xdc:68]
Resolution: If [get_<value>] was used to populate the object, check to make sure this command returns at least one valid object.
WARNING: [Vivado 12-584] No ports matched 'led[11]'. [C:/Users/slricks340/Desktop/ECEN 340 Seth Ricks Ian Fleming/ECEN-340/General/Basys3_Master.xdc:69]
CRITICAL WARNING: [Common 17-55] 'set_property' expects at least one object. [C:/Users/slricks340/Desktop/ECEN 340 Seth Ricks Ian Fleming/ECEN-340/General/Basys3_Master.xdc:69]
Resolution: If [get_<value>] was used to populate the object, check to make sure this command returns at least one valid object.
WARNING: [Vivado 12-584] No ports matched 'led[11]'. [C:/Users/slricks340/Desktop/ECEN 340 Seth Ricks Ian Fleming/ECEN-340/General/Basys3_Master.xdc:70]
CRITICAL WARNING: [Common 17-55] 'set_property' expects at least one object. [C:/Users/slricks340/Desktop/ECEN 340 Seth Ricks Ian Fleming/ECEN-340/General/Basys3_Master.xdc:70]
Resolution: If [get_<value>] was used to populate the object, check to make sure this command returns at least one valid object.
WARNING: [Vivado 12-584] No ports matched 'led[12]'. [C:/Users/slricks340/Desktop/ECEN 340 Seth Ricks Ian Fleming/ECEN-340/General/Basys3_Master.xdc:71]
CRITICAL WARNING: [Common 17-55] 'set_property' expects at least one object. [C:/Users/slricks340/Desktop/ECEN 340 Seth Ricks Ian Fleming/ECEN-340/General/Basys3_Master.xdc:71]
Resolution: If [get_<value>] was used to populate the object, check to make sure this command returns at least one valid object.
WARNING: [Vivado 12-584] No ports matched 'led[12]'. [C:/Users/slricks340/Desktop/ECEN 340 Seth Ricks Ian Fleming/ECEN-340/General/Basys3_Master.xdc:72]
CRITICAL WARNING: [Common 17-55] 'set_property' expects at least one object. [C:/Users/slricks340/Desktop/ECEN 340 Seth Ricks Ian Fleming/ECEN-340/General/Basys3_Master.xdc:72]
Resolution: If [get_<value>] was used to populate the object, check to make sure this command returns at least one valid object.
WARNING: [Vivado 12-584] No ports matched 'led[13]'. [C:/Users/slricks340/Desktop/ECEN 340 Seth Ricks Ian Fleming/ECEN-340/General/Basys3_Master.xdc:73]
CRITICAL WARNING: [Common 17-55] 'set_property' expects at least one object. [C:/Users/slricks340/Desktop/ECEN 340 Seth Ricks Ian Fleming/ECEN-340/General/Basys3_Master.xdc:73]
Resolution: If [get_<value>] was used to populate the object, check to make sure this command returns at least one valid object.
WARNING: [Vivado 12-584] No ports matched 'led[13]'. [C:/Users/slricks340/Desktop/ECEN 340 Seth Ricks Ian Fleming/ECEN-340/General/Basys3_Master.xdc:74]
CRITICAL WARNING: [Common 17-55] 'set_property' expects at least one object. [C:/Users/slricks340/Desktop/ECEN 340 Seth Ricks Ian Fleming/ECEN-340/General/Basys3_Master.xdc:74]
Resolution: If [get_<value>] was used to populate the object, check to make sure this command returns at least one valid object.
WARNING: [Vivado 12-584] No ports matched 'led[14]'. [C:/Users/slricks340/Desktop/ECEN 340 Seth Ricks Ian Fleming/ECEN-340/General/Basys3_Master.xdc:75]
CRITICAL WARNING: [Common 17-55] 'set_property' expects at least one object. [C:/Users/slricks340/Desktop/ECEN 340 Seth Ricks Ian Fleming/ECEN-340/General/Basys3_Master.xdc:75]
Resolution: If [get_<value>] was used to populate the object, check to make sure this command returns at least one valid object.
WARNING: [Vivado 12-584] No ports matched 'led[14]'. [C:/Users/slricks340/Desktop/ECEN 340 Seth Ricks Ian Fleming/ECEN-340/General/Basys3_Master.xdc:76]
CRITICAL WARNING: [Common 17-55] 'set_property' expects at least one object. [C:/Users/slricks340/Desktop/ECEN 340 Seth Ricks Ian Fleming/ECEN-340/General/Basys3_Master.xdc:76]
Resolution: If [get_<value>] was used to populate the object, check to make sure this command returns at least one valid object.
WARNING: [Vivado 12-584] No ports matched 'led[15]'. [C:/Users/slricks340/Desktop/ECEN 340 Seth Ricks Ian Fleming/ECEN-340/General/Basys3_Master.xdc:77]
CRITICAL WARNING: [Common 17-55] 'set_property' expects at least one object. [C:/Users/slricks340/Desktop/ECEN 340 Seth Ricks Ian Fleming/ECEN-340/General/Basys3_Master.xdc:77]
Resolution: If [get_<value>] was used to populate the object, check to make sure this command returns at least one valid object.
WARNING: [Vivado 12-584] No ports matched 'led[15]'. [C:/Users/slricks340/Desktop/ECEN 340 Seth Ricks Ian Fleming/ECEN-340/General/Basys3_Master.xdc:78]
CRITICAL WARNING: [Common 17-55] 'set_property' expects at least one object. [C:/Users/slricks340/Desktop/ECEN 340 Seth Ricks Ian Fleming/ECEN-340/General/Basys3_Master.xdc:78]
Resolution: If [get_<value>] was used to populate the object, check to make sure this command returns at least one valid object.
WARNING: [Vivado 12-584] No ports matched 'seg[0]'. [C:/Users/slricks340/Desktop/ECEN 340 Seth Ricks Ian Fleming/ECEN-340/General/Basys3_Master.xdc:82]
CRITICAL WARNING: [Common 17-55] 'set_property' expects at least one object. [C:/Users/slricks340/Desktop/ECEN 340 Seth Ricks Ian Fleming/ECEN-340/General/Basys3_Master.xdc:82]
Resolution: If [get_<value>] was used to populate the object, check to make sure this command returns at least one valid object.
WARNING: [Vivado 12-584] No ports matched 'seg[0]'. [C:/Users/slricks340/Desktop/ECEN 340 Seth Ricks Ian Fleming/ECEN-340/General/Basys3_Master.xdc:83]
CRITICAL WARNING: [Common 17-55] 'set_property' expects at least one object. [C:/Users/slricks340/Desktop/ECEN 340 Seth Ricks Ian Fleming/ECEN-340/General/Basys3_Master.xdc:83]
Resolution: If [get_<value>] was used to populate the object, check to make sure this command returns at least one valid object.
WARNING: [Vivado 12-584] No ports matched 'seg[1]'. [C:/Users/slricks340/Desktop/ECEN 340 Seth Ricks Ian Fleming/ECEN-340/General/Basys3_Master.xdc:84]
CRITICAL WARNING: [Common 17-55] 'set_property' expects at least one object. [C:/Users/slricks340/Desktop/ECEN 340 Seth Ricks Ian Fleming/ECEN-340/General/Basys3_Master.xdc:84]
Resolution: If [get_<value>] was used to populate the object, check to make sure this command returns at least one valid object.
WARNING: [Vivado 12-584] No ports matched 'seg[1]'. [C:/Users/slricks340/Desktop/ECEN 340 Seth Ricks Ian Fleming/ECEN-340/General/Basys3_Master.xdc:85]
CRITICAL WARNING: [Common 17-55] 'set_property' expects at least one object. [C:/Users/slricks340/Desktop/ECEN 340 Seth Ricks Ian Fleming/ECEN-340/General/Basys3_Master.xdc:85]
Resolution: If [get_<value>] was used to populate the object, check to make sure this command returns at least one valid object.
WARNING: [Vivado 12-584] No ports matched 'seg[2]'. [C:/Users/slricks340/Desktop/ECEN 340 Seth Ricks Ian Fleming/ECEN-340/General/Basys3_Master.xdc:86]
CRITICAL WARNING: [Common 17-55] 'set_property' expects at least one object. [C:/Users/slricks340/Desktop/ECEN 340 Seth Ricks Ian Fleming/ECEN-340/General/Basys3_Master.xdc:86]
Resolution: If [get_<value>] was used to populate the object, check to make sure this command returns at least one valid object.
WARNING: [Vivado 12-584] No ports matched 'seg[2]'. [C:/Users/slricks340/Desktop/ECEN 340 Seth Ricks Ian Fleming/ECEN-340/General/Basys3_Master.xdc:87]
CRITICAL WARNING: [Common 17-55] 'set_property' expects at least one object. [C:/Users/slricks340/Desktop/ECEN 340 Seth Ricks Ian Fleming/ECEN-340/General/Basys3_Master.xdc:87]
Resolution: If [get_<value>] was used to populate the object, check to make sure this command returns at least one valid object.
WARNING: [Vivado 12-584] No ports matched 'seg[3]'. [C:/Users/slricks340/Desktop/ECEN 340 Seth Ricks Ian Fleming/ECEN-340/General/Basys3_Master.xdc:88]
CRITICAL WARNING: [Common 17-55] 'set_property' expects at least one object. [C:/Users/slricks340/Desktop/ECEN 340 Seth Ricks Ian Fleming/ECEN-340/General/Basys3_Master.xdc:88]
Resolution: If [get_<value>] was used to populate the object, check to make sure this command returns at least one valid object.
WARNING: [Vivado 12-584] No ports matched 'seg[3]'. [C:/Users/slricks340/Desktop/ECEN 340 Seth Ricks Ian Fleming/ECEN-340/General/Basys3_Master.xdc:89]
CRITICAL WARNING: [Common 17-55] 'set_property' expects at least one object. [C:/Users/slricks340/Desktop/ECEN 340 Seth Ricks Ian Fleming/ECEN-340/General/Basys3_Master.xdc:89]
Resolution: If [get_<value>] was used to populate the object, check to make sure this command returns at least one valid object.
WARNING: [Vivado 12-584] No ports matched 'seg[4]'. [C:/Users/slricks340/Desktop/ECEN 340 Seth Ricks Ian Fleming/ECEN-340/General/Basys3_Master.xdc:90]
CRITICAL WARNING: [Common 17-55] 'set_property' expects at least one object. [C:/Users/slricks340/Desktop/ECEN 340 Seth Ricks Ian Fleming/ECEN-340/General/Basys3_Master.xdc:90]
Resolution: If [get_<value>] was used to populate the object, check to make sure this command returns at least one valid object.
WARNING: [Vivado 12-584] No ports matched 'seg[4]'. [C:/Users/slricks340/Desktop/ECEN 340 Seth Ricks Ian Fleming/ECEN-340/General/Basys3_Master.xdc:91]
CRITICAL WARNING: [Common 17-55] 'set_property' expects at least one object. [C:/Users/slricks340/Desktop/ECEN 340 Seth Ricks Ian Fleming/ECEN-340/General/Basys3_Master.xdc:91]
Resolution: If [get_<value>] was used to populate the object, check to make sure this command returns at least one valid object.
WARNING: [Vivado 12-584] No ports matched 'seg[5]'. [C:/Users/slricks340/Desktop/ECEN 340 Seth Ricks Ian Fleming/ECEN-340/General/Basys3_Master.xdc:92]
CRITICAL WARNING: [Common 17-55] 'set_property' expects at least one object. [C:/Users/slricks340/Desktop/ECEN 340 Seth Ricks Ian Fleming/ECEN-340/General/Basys3_Master.xdc:92]
Resolution: If [get_<value>] was used to populate the object, check to make sure this command returns at least one valid object.
WARNING: [Vivado 12-584] No ports matched 'seg[5]'. [C:/Users/slricks340/Desktop/ECEN 340 Seth Ricks Ian Fleming/ECEN-340/General/Basys3_Master.xdc:93]
CRITICAL WARNING: [Common 17-55] 'set_property' expects at least one object. [C:/Users/slricks340/Desktop/ECEN 340 Seth Ricks Ian Fleming/ECEN-340/General/Basys3_Master.xdc:93]
Resolution: If [get_<value>] was used to populate the object, check to make sure this command returns at least one valid object.
WARNING: [Vivado 12-584] No ports matched 'seg[6]'. [C:/Users/slricks340/Desktop/ECEN 340 Seth Ricks Ian Fleming/ECEN-340/General/Basys3_Master.xdc:94]
CRITICAL WARNING: [Common 17-55] 'set_property' expects at least one object. [C:/Users/slricks340/Desktop/ECEN 340 Seth Ricks Ian Fleming/ECEN-340/General/Basys3_Master.xdc:94]
Resolution: If [get_<value>] was used to populate the object, check to make sure this command returns at least one valid object.
WARNING: [Vivado 12-584] No ports matched 'seg[6]'. [C:/Users/slricks340/Desktop/ECEN 340 Seth Ricks Ian Fleming/ECEN-340/General/Basys3_Master.xdc:95]
CRITICAL WARNING: [Common 17-55] 'set_property' expects at least one object. [C:/Users/slricks340/Desktop/ECEN 340 Seth Ricks Ian Fleming/ECEN-340/General/Basys3_Master.xdc:95]
Resolution: If [get_<value>] was used to populate the object, check to make sure this command returns at least one valid object.
WARNING: [Vivado 12-584] No ports matched 'dp'. [C:/Users/slricks340/Desktop/ECEN 340 Seth Ricks Ian Fleming/ECEN-340/General/Basys3_Master.xdc:97]
CRITICAL WARNING: [Common 17-55] 'set_property' expects at least one object. [C:/Users/slricks340/Desktop/ECEN 340 Seth Ricks Ian Fleming/ECEN-340/General/Basys3_Master.xdc:97]
Resolution: If [get_<value>] was used to populate the object, check to make sure this command returns at least one valid object.
WARNING: [Vivado 12-584] No ports matched 'dp'. [C:/Users/slricks340/Desktop/ECEN 340 Seth Ricks Ian Fleming/ECEN-340/General/Basys3_Master.xdc:98]
CRITICAL WARNING: [Common 17-55] 'set_property' expects at least one object. [C:/Users/slricks340/Desktop/ECEN 340 Seth Ricks Ian Fleming/ECEN-340/General/Basys3_Master.xdc:98]
Resolution: If [get_<value>] was used to populate the object, check to make sure this command returns at least one valid object.
WARNING: [Vivado 12-584] No ports matched 'an[0]'. [C:/Users/slricks340/Desktop/ECEN 340 Seth Ricks Ian Fleming/ECEN-340/General/Basys3_Master.xdc:100]
CRITICAL WARNING: [Common 17-55] 'set_property' expects at least one object. [C:/Users/slricks340/Desktop/ECEN 340 Seth Ricks Ian Fleming/ECEN-340/General/Basys3_Master.xdc:100]
Resolution: If [get_<value>] was used to populate the object, check to make sure this command returns at least one valid object.
WARNING: [Vivado 12-584] No ports matched 'an[0]'. [C:/Users/slricks340/Desktop/ECEN 340 Seth Ricks Ian Fleming/ECEN-340/General/Basys3_Master.xdc:101]
CRITICAL WARNING: [Common 17-55] 'set_property' expects at least one object. [C:/Users/slricks340/Desktop/ECEN 340 Seth Ricks Ian Fleming/ECEN-340/General/Basys3_Master.xdc:101]
Resolution: If [get_<value>] was used to populate the object, check to make sure this command returns at least one valid object.
WARNING: [Vivado 12-584] No ports matched 'an[1]'. [C:/Users/slricks340/Desktop/ECEN 340 Seth Ricks Ian Fleming/ECEN-340/General/Basys3_Master.xdc:102]
CRITICAL WARNING: [Common 17-55] 'set_property' expects at least one object. [C:/Users/slricks340/Desktop/ECEN 340 Seth Ricks Ian Fleming/ECEN-340/General/Basys3_Master.xdc:102]
Resolution: If [get_<value>] was used to populate the object, check to make sure this command returns at least one valid object.
WARNING: [Vivado 12-584] No ports matched 'an[1]'. [C:/Users/slricks340/Desktop/ECEN 340 Seth Ricks Ian Fleming/ECEN-340/General/Basys3_Master.xdc:103]
CRITICAL WARNING: [Common 17-55] 'set_property' expects at least one object. [C:/Users/slricks340/Desktop/ECEN 340 Seth Ricks Ian Fleming/ECEN-340/General/Basys3_Master.xdc:103]
Resolution: If [get_<value>] was used to populate the object, check to make sure this command returns at least one valid object.
WARNING: [Vivado 12-584] No ports matched 'an[2]'. [C:/Users/slricks340/Desktop/ECEN 340 Seth Ricks Ian Fleming/ECEN-340/General/Basys3_Master.xdc:104]
CRITICAL WARNING: [Common 17-55] 'set_property' expects at least one object. [C:/Users/slricks340/Desktop/ECEN 340 Seth Ricks Ian Fleming/ECEN-340/General/Basys3_Master.xdc:104]
Resolution: If [get_<value>] was used to populate the object, check to make sure this command returns at least one valid object.
WARNING: [Vivado 12-584] No ports matched 'an[2]'. [C:/Users/slricks340/Desktop/ECEN 340 Seth Ricks Ian Fleming/ECEN-340/General/Basys3_Master.xdc:105]
CRITICAL WARNING: [Common 17-55] 'set_property' expects at least one object. [C:/Users/slricks340/Desktop/ECEN 340 Seth Ricks Ian Fleming/ECEN-340/General/Basys3_Master.xdc:105]
Resolution: If [get_<value>] was used to populate the object, check to make sure this command returns at least one valid object.
WARNING: [Vivado 12-584] No ports matched 'an[3]'. [C:/Users/slricks340/Desktop/ECEN 340 Seth Ricks Ian Fleming/ECEN-340/General/Basys3_Master.xdc:106]
CRITICAL WARNING: [Common 17-55] 'set_property' expects at least one object. [C:/Users/slricks340/Desktop/ECEN 340 Seth Ricks Ian Fleming/ECEN-340/General/Basys3_Master.xdc:106]
Resolution: If [get_<value>] was used to populate the object, check to make sure this command returns at least one valid object.
WARNING: [Vivado 12-584] No ports matched 'an[3]'. [C:/Users/slricks340/Desktop/ECEN 340 Seth Ricks Ian Fleming/ECEN-340/General/Basys3_Master.xdc:107]
CRITICAL WARNING: [Common 17-55] 'set_property' expects at least one object. [C:/Users/slricks340/Desktop/ECEN 340 Seth Ricks Ian Fleming/ECEN-340/General/Basys3_Master.xdc:107]
Resolution: If [get_<value>] was used to populate the object, check to make sure this command returns at least one valid object.
WARNING: [Vivado 12-584] No ports matched 'btnU'. [C:/Users/slricks340/Desktop/ECEN 340 Seth Ricks Ian Fleming/ECEN-340/General/Basys3_Master.xdc:113]
CRITICAL WARNING: [Common 17-55] 'set_property' expects at least one object. [C:/Users/slricks340/Desktop/ECEN 340 Seth Ricks Ian Fleming/ECEN-340/General/Basys3_Master.xdc:113]
Resolution: If [get_<value>] was used to populate the object, check to make sure this command returns at least one valid object.
WARNING: [Vivado 12-584] No ports matched 'btnU'. [C:/Users/slricks340/Desktop/ECEN 340 Seth Ricks Ian Fleming/ECEN-340/General/Basys3_Master.xdc:114]
CRITICAL WARNING: [Common 17-55] 'set_property' expects at least one object. [C:/Users/slricks340/Desktop/ECEN 340 Seth Ricks Ian Fleming/ECEN-340/General/Basys3_Master.xdc:114]
Resolution: If [get_<value>] was used to populate the object, check to make sure this command returns at least one valid object.
WARNING: [Vivado 12-584] No ports matched 'btnL'. [C:/Users/slricks340/Desktop/ECEN 340 Seth Ricks Ian Fleming/ECEN-340/General/Basys3_Master.xdc:115]
CRITICAL WARNING: [Common 17-55] 'set_property' expects at least one object. [C:/Users/slricks340/Desktop/ECEN 340 Seth Ricks Ian Fleming/ECEN-340/General/Basys3_Master.xdc:115]
Resolution: If [get_<value>] was used to populate the object, check to make sure this command returns at least one valid object.
WARNING: [Vivado 12-584] No ports matched 'btnL'. [C:/Users/slricks340/Desktop/ECEN 340 Seth Ricks Ian Fleming/ECEN-340/General/Basys3_Master.xdc:116]
CRITICAL WARNING: [Common 17-55] 'set_property' expects at least one object. [C:/Users/slricks340/Desktop/ECEN 340 Seth Ricks Ian Fleming/ECEN-340/General/Basys3_Master.xdc:116]
Resolution: If [get_<value>] was used to populate the object, check to make sure this command returns at least one valid object.
WARNING: [Vivado 12-584] No ports matched 'btnR'. [C:/Users/slricks340/Desktop/ECEN 340 Seth Ricks Ian Fleming/ECEN-340/General/Basys3_Master.xdc:117]
CRITICAL WARNING: [Common 17-55] 'set_property' expects at least one object. [C:/Users/slricks340/Desktop/ECEN 340 Seth Ricks Ian Fleming/ECEN-340/General/Basys3_Master.xdc:117]
Resolution: If [get_<value>] was used to populate the object, check to make sure this command returns at least one valid object.
WARNING: [Vivado 12-584] No ports matched 'btnR'. [C:/Users/slricks340/Desktop/ECEN 340 Seth Ricks Ian Fleming/ECEN-340/General/Basys3_Master.xdc:118]
CRITICAL WARNING: [Common 17-55] 'set_property' expects at least one object. [C:/Users/slricks340/Desktop/ECEN 340 Seth Ricks Ian Fleming/ECEN-340/General/Basys3_Master.xdc:118]
Resolution: If [get_<value>] was used to populate the object, check to make sure this command returns at least one valid object.
WARNING: [Vivado 12-584] No ports matched 'btnD'. [C:/Users/slricks340/Desktop/ECEN 340 Seth Ricks Ian Fleming/ECEN-340/General/Basys3_Master.xdc:119]
CRITICAL WARNING: [Common 17-55] 'set_property' expects at least one object. [C:/Users/slricks340/Desktop/ECEN 340 Seth Ricks Ian Fleming/ECEN-340/General/Basys3_Master.xdc:119]
Resolution: If [get_<value>] was used to populate the object, check to make sure this command returns at least one valid object.
WARNING: [Vivado 12-584] No ports matched 'btnD'. [C:/Users/slricks340/Desktop/ECEN 340 Seth Ricks Ian Fleming/ECEN-340/General/Basys3_Master.xdc:120]
CRITICAL WARNING: [Common 17-55] 'set_property' expects at least one object. [C:/Users/slricks340/Desktop/ECEN 340 Seth Ricks Ian Fleming/ECEN-340/General/Basys3_Master.xdc:120]
Resolution: If [get_<value>] was used to populate the object, check to make sure this command returns at least one valid object.
WARNING: [Vivado 12-584] No ports matched 'JA[0]'. [C:/Users/slricks340/Desktop/ECEN 340 Seth Ricks Ian Fleming/ECEN-340/General/Basys3_Master.xdc:126]
CRITICAL WARNING: [Common 17-55] 'set_property' expects at least one object. [C:/Users/slricks340/Desktop/ECEN 340 Seth Ricks Ian Fleming/ECEN-340/General/Basys3_Master.xdc:126]
Resolution: If [get_<value>] was used to populate the object, check to make sure this command returns at least one valid object.
WARNING: [Vivado 12-584] No ports matched 'JA[0]'. [C:/Users/slricks340/Desktop/ECEN 340 Seth Ricks Ian Fleming/ECEN-340/General/Basys3_Master.xdc:127]
CRITICAL WARNING: [Common 17-55] 'set_property' expects at least one object. [C:/Users/slricks340/Desktop/ECEN 340 Seth Ricks Ian Fleming/ECEN-340/General/Basys3_Master.xdc:127]
Resolution: If [get_<value>] was used to populate the object, check to make sure this command returns at least one valid object.
WARNING: [Vivado 12-584] No ports matched 'JA[1]'. [C:/Users/slricks340/Desktop/ECEN 340 Seth Ricks Ian Fleming/ECEN-340/General/Basys3_Master.xdc:129]
CRITICAL WARNING: [Common 17-55] 'set_property' expects at least one object. [C:/Users/slricks340/Desktop/ECEN 340 Seth Ricks Ian Fleming/ECEN-340/General/Basys3_Master.xdc:129]
Resolution: If [get_<value>] was used to populate the object, check to make sure this command returns at least one valid object.
WARNING: [Vivado 12-584] No ports matched 'JA[1]'. [C:/Users/slricks340/Desktop/ECEN 340 Seth Ricks Ian Fleming/ECEN-340/General/Basys3_Master.xdc:130]
CRITICAL WARNING: [Common 17-55] 'set_property' expects at least one object. [C:/Users/slricks340/Desktop/ECEN 340 Seth Ricks Ian Fleming/ECEN-340/General/Basys3_Master.xdc:130]
Resolution: If [get_<value>] was used to populate the object, check to make sure this command returns at least one valid object.
WARNING: [Vivado 12-584] No ports matched 'JA[2]'. [C:/Users/slricks340/Desktop/ECEN 340 Seth Ricks Ian Fleming/ECEN-340/General/Basys3_Master.xdc:132]
CRITICAL WARNING: [Common 17-55] 'set_property' expects at least one object. [C:/Users/slricks340/Desktop/ECEN 340 Seth Ricks Ian Fleming/ECEN-340/General/Basys3_Master.xdc:132]
Resolution: If [get_<value>] was used to populate the object, check to make sure this command returns at least one valid object.
WARNING: [Vivado 12-584] No ports matched 'JA[2]'. [C:/Users/slricks340/Desktop/ECEN 340 Seth Ricks Ian Fleming/ECEN-340/General/Basys3_Master.xdc:133]
CRITICAL WARNING: [Common 17-55] 'set_property' expects at least one object. [C:/Users/slricks340/Desktop/ECEN 340 Seth Ricks Ian Fleming/ECEN-340/General/Basys3_Master.xdc:133]
Resolution: If [get_<value>] was used to populate the object, check to make sure this command returns at least one valid object.
WARNING: [Vivado 12-584] No ports matched 'JA[3]'. [C:/Users/slricks340/Desktop/ECEN 340 Seth Ricks Ian Fleming/ECEN-340/General/Basys3_Master.xdc:135]
CRITICAL WARNING: [Common 17-55] 'set_property' expects at least one object. [C:/Users/slricks340/Desktop/ECEN 340 Seth Ricks Ian Fleming/ECEN-340/General/Basys3_Master.xdc:135]
Resolution: If [get_<value>] was used to populate the object, check to make sure this command returns at least one valid object.
WARNING: [Vivado 12-584] No ports matched 'JA[3]'. [C:/Users/slricks340/Desktop/ECEN 340 Seth Ricks Ian Fleming/ECEN-340/General/Basys3_Master.xdc:136]
CRITICAL WARNING: [Common 17-55] 'set_property' expects at least one object. [C:/Users/slricks340/Desktop/ECEN 340 Seth Ricks Ian Fleming/ECEN-340/General/Basys3_Master.xdc:136]
Resolution: If [get_<value>] was used to populate the object, check to make sure this command returns at least one valid object.
WARNING: [Vivado 12-584] No ports matched 'JA[4]'. [C:/Users/slricks340/Desktop/ECEN 340 Seth Ricks Ian Fleming/ECEN-340/General/Basys3_Master.xdc:138]
CRITICAL WARNING: [Common 17-55] 'set_property' expects at least one object. [C:/Users/slricks340/Desktop/ECEN 340 Seth Ricks Ian Fleming/ECEN-340/General/Basys3_Master.xdc:138]
Resolution: If [get_<value>] was used to populate the object, check to make sure this command returns at least one valid object.
WARNING: [Vivado 12-584] No ports matched 'JA[4]'. [C:/Users/slricks340/Desktop/ECEN 340 Seth Ricks Ian Fleming/ECEN-340/General/Basys3_Master.xdc:139]
CRITICAL WARNING: [Common 17-55] 'set_property' expects at least one object. [C:/Users/slricks340/Desktop/ECEN 340 Seth Ricks Ian Fleming/ECEN-340/General/Basys3_Master.xdc:139]
Resolution: If [get_<value>] was used to populate the object, check to make sure this command returns at least one valid object.
WARNING: [Vivado 12-584] No ports matched 'JA[5]'. [C:/Users/slricks340/Desktop/ECEN 340 Seth Ricks Ian Fleming/ECEN-340/General/Basys3_Master.xdc:141]
CRITICAL WARNING: [Common 17-55] 'set_property' expects at least one object. [C:/Users/slricks340/Desktop/ECEN 340 Seth Ricks Ian Fleming/ECEN-340/General/Basys3_Master.xdc:141]
Resolution: If [get_<value>] was used to populate the object, check to make sure this command returns at least one valid object.
WARNING: [Vivado 12-584] No ports matched 'JA[5]'. [C:/Users/slricks340/Desktop/ECEN 340 Seth Ricks Ian Fleming/ECEN-340/General/Basys3_Master.xdc:142]
CRITICAL WARNING: [Common 17-55] 'set_property' expects at least one object. [C:/Users/slricks340/Desktop/ECEN 340 Seth Ricks Ian Fleming/ECEN-340/General/Basys3_Master.xdc:142]
Resolution: If [get_<value>] was used to populate the object, check to make sure this command returns at least one valid object.
WARNING: [Vivado 12-584] No ports matched 'JA[6]'. [C:/Users/slricks340/Desktop/ECEN 340 Seth Ricks Ian Fleming/ECEN-340/General/Basys3_Master.xdc:144]
CRITICAL WARNING: [Common 17-55] 'set_property' expects at least one object. [C:/Users/slricks340/Desktop/ECEN 340 Seth Ricks Ian Fleming/ECEN-340/General/Basys3_Master.xdc:144]
Resolution: If [get_<value>] was used to populate the object, check to make sure this command returns at least one valid object.
WARNING: [Vivado 12-584] No ports matched 'JA[6]'. [C:/Users/slricks340/Desktop/ECEN 340 Seth Ricks Ian Fleming/ECEN-340/General/Basys3_Master.xdc:145]
CRITICAL WARNING: [Common 17-55] 'set_property' expects at least one object. [C:/Users/slricks340/Desktop/ECEN 340 Seth Ricks Ian Fleming/ECEN-340/General/Basys3_Master.xdc:145]
Resolution: If [get_<value>] was used to populate the object, check to make sure this command returns at least one valid object.
WARNING: [Vivado 12-584] No ports matched 'JA[7]'. [C:/Users/slricks340/Desktop/ECEN 340 Seth Ricks Ian Fleming/ECEN-340/General/Basys3_Master.xdc:147]
CRITICAL WARNING: [Common 17-55] 'set_property' expects at least one object. [C:/Users/slricks340/Desktop/ECEN 340 Seth Ricks Ian Fleming/ECEN-340/General/Basys3_Master.xdc:147]
Resolution: If [get_<value>] was used to populate the object, check to make sure this command returns at least one valid object.
WARNING: [Vivado 12-584] No ports matched 'JA[7]'. [C:/Users/slricks340/Desktop/ECEN 340 Seth Ricks Ian Fleming/ECEN-340/General/Basys3_Master.xdc:148]
INFO: [Common 17-14] Message 'Vivado 12-584' appears 100 times and further instances of the messages will be disabled. Use the Tcl command set_msg_config to change the current settings. [C:/Users/slricks340/Desktop/ECEN 340 Seth Ricks Ian Fleming/ECEN-340/General/Basys3_Master.xdc:148]
CRITICAL WARNING: [Common 17-55] 'set_property' expects at least one object. [C:/Users/slricks340/Desktop/ECEN 340 Seth Ricks Ian Fleming/ECEN-340/General/Basys3_Master.xdc:148]
Resolution: If [get_<value>] was used to populate the object, check to make sure this command returns at least one valid object.
INFO: [Common 17-14] Message 'Common 17-55' appears 100 times and further instances of the messages will be disabled. Use the Tcl command set_msg_config to change the current settings. [C:/Users/slricks340/Desktop/ECEN 340 Seth Ricks Ian Fleming/ECEN-340/General/Basys3_Master.xdc:148]
Finished Parsing XDC File [C:/Users/slricks340/Desktop/ECEN 340 Seth Ricks Ian Fleming/ECEN-340/General/Basys3_Master.xdc]
INFO: [Opt 31-138] Pushed 0 inverter(s) to 0 load pin(s).
Netlist sorting complete. Time (s): cpu = 00:00:00 ; elapsed = 00:00:00 . Memory (MB): peak = 2301.051 ; gain = 0.000
INFO: [Project 1-111] Unisim Transformation Summary:
No Unisim elements were transformed.

open_run: Time (s): cpu = 00:00:08 ; elapsed = 00:00:06 . Memory (MB): peak = 2301.051 ; gain = 0.000
