Copyright 1986-2022 Xilinx, Inc. All Rights Reserved. Copyright 2022-2024 Advanced Micro Devices, Inc. All Rights Reserved.
---------------------------------------------------------------------------------------------------------------------------------------------
| Tool Version : Vivado v.2024.2 (win64) Build 5239630 Fri Nov 08 22:35:27 MST 2024
| Date         : Wed Nov 12 10:24:52 2025
| Host         : 25STC151L19 running 64-bit major release  (build 9200)
| Command      : report_control_sets -verbose -file traffic_light_control_sets_placed.rpt
| Design       : traffic_light
| Device       : xc7a35t
---------------------------------------------------------------------------------------------------------------------------------------------

Control Set Information

Table of Contents
-----------------
1. Summary
2. Histogram
3. Flip-Flop Distribution
4. Detailed Control Set Information

1. Summary
----------

+----------------------------------------------------------+-------+
|                          Status                          | Count |
+----------------------------------------------------------+-------+
| Total control sets                                       |     7 |
|    Minimum number of control sets                        |     7 |
|    Addition due to synthesis replication                 |     0 |
|    Addition due to physical synthesis replication        |     0 |
| Unused register locations in slices containing registers |    33 |
+----------------------------------------------------------+-------+
* Control sets can be merged at opt_design using control_set_merge or merge_equivalent_drivers
** Run report_qor_suggestions for automated merging and remapping suggestions


2. Histogram
------------

+--------------------+-------+
|       Fanout       | Count |
+--------------------+-------+
| Total control sets |     7 |
| >= 0 to < 4        |     4 |
| >= 4 to < 6        |     2 |
| >= 6 to < 8        |     0 |
| >= 8 to < 10       |     0 |
| >= 10 to < 12      |     0 |
| >= 12 to < 14      |     0 |
| >= 14 to < 16      |     0 |
| >= 16              |     1 |
+--------------------+-------+
* Control sets can be remapped at either synth_design or opt_design


3. Flip-Flop Distribution
-------------------------

+--------------+-----------------------+------------------------+-----------------+--------------+
| Clock Enable | Synchronous Set/Reset | Asynchronous Set/Reset | Total Registers | Total Slices |
+--------------+-----------------------+------------------------+-----------------+--------------+
| No           | No                    | No                     |               3 |            1 |
| No           | No                    | Yes                    |              36 |           13 |
| No           | Yes                   | No                     |               0 |            0 |
| Yes          | No                    | No                     |               0 |            0 |
| Yes          | No                    | Yes                    |               8 |            2 |
| Yes          | Yes                   | No                     |               0 |            0 |
+--------------+-----------------------+------------------------+-----------------+--------------+


4. Detailed Control Set Information
-----------------------------------

+------------------+----------------------+------------------+------------------+----------------+--------------+
|   Clock Signal   |     Enable Signal    | Set/Reset Signal | Slice Load Count | Bel Load Count | Bels / Slice |
+------------------+----------------------+------------------+------------------+----------------+--------------+
|  clk_1Hz_reg_n_0 |                      | cnt_15sec0       |                1 |              1 |         1.00 |
|  clk_1Hz_reg_n_0 |                      | cnt_10sec0       |                1 |              1 |         1.00 |
|  clk_IBUF_BUFG   |                      |                  |                1 |              3 |         3.00 |
|  clk_1Hz_reg_n_0 |                      | cnt_3sec0        |                1 |              3 |         3.00 |
|  clk_1Hz_reg_n_0 | cnt_15sec[3]_i_1_n_0 | cnt_15sec0       |                1 |              4 |         4.00 |
|  clk_1Hz_reg_n_0 | cnt_10sec[3]_i_1_n_0 | cnt_10sec0       |                1 |              4 |         4.00 |
|  clk_IBUF_BUFG   |                      | btnC_IBUF        |               10 |             31 |         3.10 |
+------------------+----------------------+------------------+------------------+----------------+--------------+


